2010-06-09 10:16:14 INFO SESSION CREATED - USER admin
2010-06-09 10:16:26 INFO SESSION DELETED - USER admin
2010-06-09 10:22:31 INFO SESSION CREATED - USER admin
2010-06-09 10:26:03 INFO PHOTO UPLOADED - FileName: CheikhTidjaneFall.JPG Patient ID: 1
2010-06-09 10:26:03 INFO UPLOAD MODEL CALLED - ID: 1
2010-06-09 10:26:03 INFO UPLOAD MODEL CALLED - Directory: C:/Users/agueye/DOCUME~1/AFRICA~1/MEDICA~1/INSTAN~1/rails_apps/git/public/patients/photos/1
2010-06-09 10:26:03 INFO UPLOAD MODEL CALLED - file: #<File:0x7f436c8>
2010-06-09 10:26:31 INFO SESSION DELETED - USER admin
2010-06-09 10:31:33 INFO SESSION CREATED - USER admin
2010-06-09 10:31:40 INFO SESSION DELETED - USER admin
2010-06-09 10:33:59 INFO SESSION CREATED - USER tester
2010-06-09 10:34:06 INFO SESSION DELETED - USER tester
2010-06-09 10:49:24 INFO SESSION CREATED - USER tester
2010-06-09 10:49:29 INFO SESSION DELETED - USER tester
2010-06-09 10:49:39 INFO SESSION CREATED - USER admin
2010-06-09 11:17:07 INFO SESSION DELETED - USER admin
2010-06-09 11:17:17 INFO SESSION CREATED - USER admin
2010-06-09 11:17:23 INFO SESSION DELETED - USER admin
2010-06-09 11:44:26 INFO SESSION CREATED - USER admin
2010-06-09 11:44:49 INFO SESSION DELETED - USER admin
