

Processing ApplicationController#index (for 127.0.0.1 at 2009-11-13 14:37:01) [GET]

NameError (uninitialized constant UsersController):
  c:/ruby/lib/ruby/1.8/webrick/httpserver.rb:104:in `service'
  c:/ruby/lib/ruby/1.8/webrick/httpserver.rb:65:in `run'
  c:/ruby/lib/ruby/1.8/webrick/server.rb:173:in `start_thread'
  c:/ruby/lib/ruby/1.8/webrick/server.rb:162:in `start'
  c:/ruby/lib/ruby/1.8/webrick/server.rb:162:in `start_thread'
  c:/ruby/lib/ruby/1.8/webrick/server.rb:95:in `start'
  c:/ruby/lib/ruby/1.8/webrick/server.rb:92:in `each'
  c:/ruby/lib/ruby/1.8/webrick/server.rb:92:in `start'
  c:/ruby/lib/ruby/1.8/webrick/server.rb:23:in `start'
  c:/ruby/lib/ruby/1.8/webrick/server.rb:82:in `start'

Rendered rescues/_trace (49.0ms)
Rendered rescues/_request_and_response (3.0ms)
Rendering rescues/layout (internal_server_error)


Processing DashboardController#index (for 127.0.0.1 at 2009-11-13 14:41:40) [GET]
Rendering dashboard/index
Completed in 24ms (View: 20, DB: 0) | 200 OK [http://localhost/]


Processing DashboardController#index (for 127.0.0.1 at 2009-11-13 14:42:13) [GET]
Redirected to http://localhost:3000/session/new
Filter chain halted as [:login_required] rendered_or_redirected.
Completed in 6412ms (DB: 0) | 302 Found [http://localhost/]


Processing SessionsController#new (for 127.0.0.1 at 2009-11-13 14:42:21) [GET]
Rendering sessions/new
Completed in 75ms (View: 71, DB: 0) | 200 OK [http://localhost/session/new]


Processing SessionsController#create (for 127.0.0.1 at 2009-11-13 14:42:38) [POST]
  Parameters: {"commit"=>"Log in", "authenticity_token"=>"Uy77DCT7nNQIMBOhXBxSEgJeJlIvrW0yk4DRwB3m2V4=", "login"=>"admin", "password"=>"admin"}

ArgumentError (A regular expression must be supplied as the :with option of the configuration hash):
  app/models/user.rb:11
  lib/authenticated_system.rb:138:in `logout_keeping_session!'
  app/controllers/sessions_controller.rb:11:in `create'
  c:/ruby/lib/ruby/1.8/webrick/httpserver.rb:104:in `service'
  c:/ruby/lib/ruby/1.8/webrick/httpserver.rb:65:in `run'
  c:/ruby/lib/ruby/1.8/webrick/server.rb:173:in `start_thread'
  c:/ruby/lib/ruby/1.8/webrick/server.rb:162:in `start'
  c:/ruby/lib/ruby/1.8/webrick/server.rb:162:in `start_thread'
  c:/ruby/lib/ruby/1.8/webrick/server.rb:95:in `start'
  c:/ruby/lib/ruby/1.8/webrick/server.rb:92:in `each'
  c:/ruby/lib/ruby/1.8/webrick/server.rb:92:in `start'
  c:/ruby/lib/ruby/1.8/webrick/server.rb:23:in `start'
  c:/ruby/lib/ruby/1.8/webrick/server.rb:82:in `start'

Rendered rescues/_trace (74.0ms)
Rendered rescues/_request_and_response (4.0ms)
Rendering rescues/layout (internal_server_error)
  [4;36;1mSQL (0.0ms)[0m   [0;1m SELECT name
 FROM sqlite_master
 WHERE type = 'table' AND NOT name = 'sqlite_sequence'
[0m
  [4;35;1mSQL (0.0ms)[0m   [0mselect sqlite_version(*)[0m
  [4;36;1mSQL (169.0ms)[0m   [0;1mCREATE TABLE "schema_migrations" ("version" varchar(255) NOT NULL) [0m
  [4;35;1mSQL (187.0ms)[0m   [0mCREATE UNIQUE INDEX "unique_schema_migrations" ON "schema_migrations" ("version")[0m
  [4;36;1mSQL (1.0ms)[0m   [0;1m SELECT name
 FROM sqlite_master
 WHERE type = 'table' AND NOT name = 'sqlite_sequence'
[0m
  [4;35;1mSQL (1.0ms)[0m   [0mSELECT version FROM schema_migrations[0m
Migrating to CreateAllergies (20091107023024)
  [4;36;1mSQL (2.0ms)[0m   [0;1mCREATE TABLE "allergies" ("id" INTEGER PRIMARY KEY AUTOINCREMENT NOT NULL, "name" varchar(255), "notes" text, "created_at" datetime, "updated_at" datetime) [0m
  [4;35;1mSQL (0.0ms)[0m   [0mINSERT INTO schema_migrations (version) VALUES ('20091107023024')[0m
Migrating to CreateConditions (20091107023116)
  [4;36;1mSQL (2.0ms)[0m   [0;1mCREATE TABLE "conditions" ("id" INTEGER PRIMARY KEY AUTOINCREMENT NOT NULL, "name" varchar(255), "notes" text, "created_at" datetime, "updated_at" datetime) [0m
  [4;35;1mSQL (0.0ms)[0m   [0mINSERT INTO schema_migrations (version) VALUES ('20091107023116')[0m
Migrating to CreateDoctors (20091107023137)
  [4;36;1mSQL (2.0ms)[0m   [0;1mCREATE TABLE "doctors" ("id" INTEGER PRIMARY KEY AUTOINCREMENT NOT NULL, "name" varchar(255), "notes" text, "created_at" datetime, "updated_at" datetime) [0m
  [4;35;1mSQL (0.0ms)[0m   [0mINSERT INTO schema_migrations (version) VALUES ('20091107023137')[0m
Migrating to CreateMedications (20091107023148)
  [4;36;1mSQL (2.0ms)[0m   [0;1mCREATE TABLE "medications" ("id" INTEGER PRIMARY KEY AUTOINCREMENT NOT NULL, "name" varchar(255), "notes" text, "created_at" datetime, "updated_at" datetime) [0m
  [4;35;1mSQL (0.0ms)[0m   [0mINSERT INTO schema_migrations (version) VALUES ('20091107023148')[0m
Migrating to CreatePatientAlerts (20091107023233)
  [4;36;1mSQL (1.0ms)[0m   [0;1mCREATE TABLE "patient_alerts" ("id" INTEGER PRIMARY KEY AUTOINCREMENT NOT NULL, "patient_id" integer, "alert_date" datetime, "notes" text, "created_at" datetime, "updated_at" datetime) [0m
  [4;35;1mSQL (0.0ms)[0m   [0mINSERT INTO schema_migrations (version) VALUES ('20091107023233')[0m
Migrating to CreatePatientAllergies (20091107023340)
  [4;36;1mSQL (2.0ms)[0m   [0;1mCREATE TABLE "patient_allergies" ("id" INTEGER PRIMARY KEY AUTOINCREMENT NOT NULL, "allergy_id" integer, "patient_id" integer, "date_observed" datetime, "severity" varchar(255), "reaction" varchar(255), "notes" text, "created_at" datetime, "updated_at" datetime) [0m
  [4;35;1mSQL (1.0ms)[0m   [0mINSERT INTO schema_migrations (version) VALUES ('20091107023340')[0m
Migrating to CreatePatientMedications (20091107023447)
  [4;36;1mSQL (2.0ms)[0m   [0;1mCREATE TABLE "patient_medications" ("id" INTEGER PRIMARY KEY AUTOINCREMENT NOT NULL, "medication_id" integer, "patient_id" integer, "doctor_id" integer, "condition_id" integer, "date_given" datetime, "dosage" varchar(255), "frequency" varchar(255), "notes" text, "created_at" datetime, "updated_at" datetime) [0m
  [4;35;1mSQL (0.0ms)[0m   [0mINSERT INTO schema_migrations (version) VALUES ('20091107023447')[0m
Migrating to CreatePatientNotes (20091107023607)
  [4;36;1mSQL (1.0ms)[0m   [0;1mCREATE TABLE "patient_notes" ("id" INTEGER PRIMARY KEY AUTOINCREMENT NOT NULL, "patient_id" integer, "note_date" datetime, "body" text, "created_at" datetime, "updated_at" datetime) [0m
  [4;35;1mSQL (0.0ms)[0m   [0mINSERT INTO schema_migrations (version) VALUES ('20091107023607')[0m
Migrating to CreatePatientVaccinations (20091107023643)
  [4;36;1mSQL (1.0ms)[0m   [0;1mCREATE TABLE "patient_vaccinations" ("id" INTEGER PRIMARY KEY AUTOINCREMENT NOT NULL, "patient_id" integer, "vaccination_id" integer, "date_admined" datetime, "notes" text, "created_at" datetime, "updated_at" datetime) [0m
  [4;35;1mSQL (0.0ms)[0m   [0mINSERT INTO schema_migrations (version) VALUES ('20091107023643')[0m
Migrating to CreatePatientVisits (20091107023811)
  [4;36;1mSQL (3.0ms)[0m   [0;1mCREATE TABLE "patient_visits" ("id" INTEGER PRIMARY KEY AUTOINCREMENT NOT NULL, "patient_id" integer, "doctor_id" integer, "visit_type_id" integer, "condition_id" integer, "visit_date" datetime, "height" varchar(255), "weight" varchar(255), "systolic" varchar(255), "diastolic" varchar(255), "pulse" varchar(255), "temperature" varchar(255), "notes" text, "created_at" datetime, "updated_at" datetime) [0m
  [4;35;1mSQL (0.0ms)[0m   [0mINSERT INTO schema_migrations (version) VALUES ('20091107023811')[0m
Migrating to CreateVaccinations (20091107023906)
  [4;36;1mSQL (2.0ms)[0m   [0;1mCREATE TABLE "vaccinations" ("id" INTEGER PRIMARY KEY AUTOINCREMENT NOT NULL, "name" varchar(255), "notes" text, "created_at" datetime, "updated_at" datetime) [0m
  [4;35;1mSQL (1.0ms)[0m   [0mINSERT INTO schema_migrations (version) VALUES ('20091107023906')[0m
Migrating to CreateVisitTypes (20091107023920)
  [4;36;1mSQL (2.0ms)[0m   [0;1mCREATE TABLE "visit_types" ("id" INTEGER PRIMARY KEY AUTOINCREMENT NOT NULL, "name" varchar(255), "notes" text, "created_at" datetime, "updated_at" datetime) [0m
  [4;35;1mSQL (1.0ms)[0m   [0mINSERT INTO schema_migrations (version) VALUES ('20091107023920')[0m
Migrating to CreatePatients (20091107024129)
  [4;36;1mSQL (2.0ms)[0m   [0;1mCREATE TABLE "patients" ("id" INTEGER PRIMARY KEY AUTOINCREMENT NOT NULL, "medical_record_number" varchar(255), "first_name" varchar(255), "middle_name" varchar(255), "last_name" varchar(255), "arrival_date" datetime, "dob" datetime, "gender" varchar(255), "address" varchar(255), "city" varchar(255), "state" varchar(255), "zip" varchar(255), "father_first_name" varchar(255), "father_last_name" varchar(255), "mother_first_name" varchar(255), "mother_last_name" varchar(255), "telephone" varchar(255), "emergency_contact_name" varchar(255), "emergency_contact_relation" varchar(255), "emergency_contact_number" varchar(255), "notes" text, "photo_file_url" varchar(255), "photo_content_type" varchar(255), "photo_file_size" integer, "created_at" datetime, "updated_at" datetime) [0m
  [4;35;1mSQL (0.0ms)[0m   [0mINSERT INTO schema_migrations (version) VALUES ('20091107024129')[0m
Migrating to CreateUsers (20091113223946)
  [4;36;1mSQL (1.0ms)[0m   [0;1m SELECT name
 FROM sqlite_master
 WHERE type = 'table' AND NOT name = 'sqlite_sequence'
[0m
  [4;35;1mSQL (2.0ms)[0m   [0mCREATE TABLE "users" ("id" INTEGER PRIMARY KEY AUTOINCREMENT NOT NULL, "login" varchar(40), "name" varchar(100) DEFAULT '', "email" varchar(100), "crypted_password" varchar(40), "salt" varchar(40), "created_at" datetime, "updated_at" datetime, "remember_token" varchar(40), "remember_token_expires_at" datetime, "activation_code" varchar(40), "activated_at" datetime) [0m
  [4;36;1mSQL (1.0ms)[0m   [0;1mCREATE UNIQUE INDEX "index_users_on_login" ON "users" ("login")[0m
  [4;35;1mSQL (0.0ms)[0m   [0mINSERT INTO schema_migrations (version) VALUES ('20091113223946')[0m
  [4;36;1mSQL (1.0ms)[0m   [0;1m SELECT name
 FROM sqlite_master
 WHERE type = 'table' AND NOT name = 'sqlite_sequence'
[0m
  [4;35;1mSQL (1.0ms)[0m   [0mSELECT version FROM schema_migrations[0m
  [4;36;1mSQL (1.0ms)[0m   [0;1m SELECT name
 FROM sqlite_master
 WHERE type = 'table' AND NOT name = 'sqlite_sequence'
[0m
  [4;35;1mSQL (0.0ms)[0m   [0mPRAGMA index_list("allergies")[0m
  [4;36;1mSQL (0.0ms)[0m   [0;1mPRAGMA index_list("conditions")[0m
  [4;35;1mSQL (0.0ms)[0m   [0mPRAGMA index_list("doctors")[0m
  [4;36;1mSQL (0.0ms)[0m   [0;1mPRAGMA index_list("medications")[0m
  [4;35;1mSQL (1.0ms)[0m   [0mPRAGMA index_list("patient_alerts")[0m
  [4;36;1mSQL (0.0ms)[0m   [0;1mPRAGMA index_list("patient_allergies")[0m
  [4;35;1mSQL (0.0ms)[0m   [0mPRAGMA index_list("patient_medications")[0m
  [4;36;1mSQL (0.0ms)[0m   [0;1mPRAGMA index_list("patient_notes")[0m
  [4;35;1mSQL (0.0ms)[0m   [0mPRAGMA index_list("patient_vaccinations")[0m
  [4;36;1mSQL (0.0ms)[0m   [0;1mPRAGMA index_list("patient_visits")[0m
  [4;35;1mSQL (0.0ms)[0m   [0mPRAGMA index_list("patients")[0m
  [4;36;1mSQL (0.0ms)[0m   [0;1mPRAGMA index_list("users")[0m
  [4;35;1mSQL (1.0ms)[0m   [0mPRAGMA index_info('index_users_on_login')[0m
  [4;36;1mSQL (0.0ms)[0m   [0;1mPRAGMA index_list("vaccinations")[0m
  [4;35;1mSQL (0.0ms)[0m   [0mPRAGMA index_list("visit_types")[0m


Processing SessionsController#new (for 127.0.0.1 at 2009-11-13 14:43:27) [GET]
Rendering sessions/new
Completed in 76ms (View: 71, DB: 0) | 200 OK [http://localhost/session/new]


Processing SessionsController#create (for 127.0.0.1 at 2009-11-13 14:43:29) [POST]
  Parameters: {"commit"=>"Log in", "authenticity_token"=>"Uy77DCT7nNQIMBOhXBxSEgJeJlIvrW0yk4DRwB3m2V4=", "login"=>"admin", "password"=>"admin"}

ArgumentError (A regular expression must be supplied as the :with option of the configuration hash):
  app/models/user.rb:11
  lib/authenticated_system.rb:138:in `logout_keeping_session!'
  app/controllers/sessions_controller.rb:11:in `create'
  c:/ruby/lib/ruby/1.8/webrick/httpserver.rb:104:in `service'
  c:/ruby/lib/ruby/1.8/webrick/httpserver.rb:65:in `run'
  c:/ruby/lib/ruby/1.8/webrick/server.rb:173:in `start_thread'
  c:/ruby/lib/ruby/1.8/webrick/server.rb:162:in `start'
  c:/ruby/lib/ruby/1.8/webrick/server.rb:162:in `start_thread'
  c:/ruby/lib/ruby/1.8/webrick/server.rb:95:in `start'
  c:/ruby/lib/ruby/1.8/webrick/server.rb:92:in `each'
  c:/ruby/lib/ruby/1.8/webrick/server.rb:92:in `start'
  c:/ruby/lib/ruby/1.8/webrick/server.rb:23:in `start'
  c:/ruby/lib/ruby/1.8/webrick/server.rb:82:in `start'

Rendered rescues/_trace (72.0ms)
Rendered rescues/_request_and_response (3.0ms)
Rendering rescues/layout (internal_server_error)


Processing SessionsController#new (for 127.0.0.1 at 2009-11-13 14:47:16) [GET]
Rendering sessions/new
Completed in 11ms (View: 6, DB: 0) | 200 OK [http://localhost/session/new]


Processing SessionsController#create (for 127.0.0.1 at 2009-11-13 14:47:18) [POST]
  Parameters: {"commit"=>"Log in", "authenticity_token"=>"Uy77DCT7nNQIMBOhXBxSEgJeJlIvrW0yk4DRwB3m2V4=", "login"=>"admin", "password"=>"admin"}

ArgumentError (A regular expression must be supplied as the :with option of the configuration hash):
  app/models/user.rb:11
  lib/authenticated_system.rb:138:in `logout_keeping_session!'
  app/controllers/sessions_controller.rb:11:in `create'
  c:/ruby/lib/ruby/1.8/webrick/httpserver.rb:104:in `service'
  c:/ruby/lib/ruby/1.8/webrick/httpserver.rb:65:in `run'
  c:/ruby/lib/ruby/1.8/webrick/server.rb:173:in `start_thread'
  c:/ruby/lib/ruby/1.8/webrick/server.rb:162:in `start'
  c:/ruby/lib/ruby/1.8/webrick/server.rb:162:in `start_thread'
  c:/ruby/lib/ruby/1.8/webrick/server.rb:95:in `start'
  c:/ruby/lib/ruby/1.8/webrick/server.rb:92:in `each'
  c:/ruby/lib/ruby/1.8/webrick/server.rb:92:in `start'
  c:/ruby/lib/ruby/1.8/webrick/server.rb:23:in `start'
  c:/ruby/lib/ruby/1.8/webrick/server.rb:82:in `start'

Rendered rescues/_trace (75.0ms)
Rendered rescues/_request_and_response (1.0ms)
Rendering rescues/layout (internal_server_error)


Processing SessionsController#show (for 127.0.0.1 at 2009-11-13 14:50:22) [GET]

ActionController::UnknownAction (No action responded to show. Actions: create, destroy, and new):
  c:/ruby/lib/ruby/1.8/webrick/httpserver.rb:104:in `service'
  c:/ruby/lib/ruby/1.8/webrick/httpserver.rb:65:in `run'
  c:/ruby/lib/ruby/1.8/webrick/server.rb:173:in `start_thread'
  c:/ruby/lib/ruby/1.8/webrick/server.rb:162:in `start'
  c:/ruby/lib/ruby/1.8/webrick/server.rb:162:in `start_thread'
  c:/ruby/lib/ruby/1.8/webrick/server.rb:95:in `start'
  c:/ruby/lib/ruby/1.8/webrick/server.rb:92:in `each'
  c:/ruby/lib/ruby/1.8/webrick/server.rb:92:in `start'
  c:/ruby/lib/ruby/1.8/webrick/server.rb:23:in `start'
  c:/ruby/lib/ruby/1.8/webrick/server.rb:82:in `start'

Rendering rescues/layout (not_found)


Processing DashboardController#index (for 127.0.0.1 at 2009-11-13 14:50:22) [GET]
Redirected to http://localhost:3000/session/new
Filter chain halted as [:login_required] rendered_or_redirected.
Completed in 2ms (DB: 0) | 302 Found [http://localhost/]


Processing SessionsController#new (for 127.0.0.1 at 2009-11-13 14:50:23) [GET]
Rendering sessions/new
Completed in 72ms (View: 67, DB: 0) | 200 OK [http://localhost/session/new]


Processing SessionsController#new (for 127.0.0.1 at 2009-11-13 14:50:25) [GET]
Rendering sessions/new
Completed in 10ms (View: 5, DB: 0) | 200 OK [http://localhost/session/new]


Processing SessionsController#create (for 127.0.0.1 at 2009-11-13 14:50:27) [POST]
  Parameters: {"commit"=>"Log in", "authenticity_token"=>"Uy77DCT7nNQIMBOhXBxSEgJeJlIvrW0yk4DRwB3m2V4=", "login"=>"admin", "password"=>"admin"}
  [4;36;1mUser Load (2.0ms)[0m   [0;1mSELECT * FROM "users" WHERE (login = 'admin' and activated_at IS NOT NULL) LIMIT 1[0m
Failed login for 'admin' from 127.0.0.1 at Fri Nov 13 22:50:27 UTC 2009
Rendering sessions/new
Completed in 33ms (View: 5, DB: 2) | 200 OK [http://localhost/session]


Processing SessionsController#create (for 127.0.0.1 at 2009-11-13 14:50:29) [POST]
  Parameters: {"commit"=>"Log in", "authenticity_token"=>"Uy77DCT7nNQIMBOhXBxSEgJeJlIvrW0yk4DRwB3m2V4=", "login"=>"admin", "password"=>""}
Failed login for 'admin' from 127.0.0.1 at Fri Nov 13 22:50:29 UTC 2009
Rendering sessions/new
Completed in 28ms (View: 4, DB: 0) | 200 OK [http://localhost/session]


Processing UsersController#new (for 127.0.0.1 at 2009-11-13 14:50:34) [GET]
Rendering users/new
Completed in 54ms (View: 26, DB: 0) | 200 OK [http://localhost/users/new]


Processing UsersController#create (for 127.0.0.1 at 2009-11-13 14:50:54) [POST]
  Parameters: {"user"=>{"password_confirmation"=>"adminadmin", "password"=>"adminadmin", "login"=>"admin", "email"=>"admin@gmail.com"}, "commit"=>"Sign up", "authenticity_token"=>"Uy77DCT7nNQIMBOhXBxSEgJeJlIvrW0yk4DRwB3m2V4="}
  [4;35;1mUser Load (1.0ms)[0m   [0mSELECT "users".id FROM "users" WHERE ("users"."login" = 'admin') LIMIT 1[0m
  [4;36;1mUser Load (0.0ms)[0m   [0;1mSELECT "users".id FROM "users" WHERE ("users"."email" = 'admin@gmail.com') LIMIT 1[0m
  [4;35;1mUser Create (1.0ms)[0m   [0mINSERT INTO "users" ("name", "salt", "updated_at", "activated_at", "crypted_password", "remember_token_expires_at", "activation_code", "remember_token", "login", "email", "created_at") VALUES('', '4aa7e43b85d93b7a13df1c1c85859fc43ef4b44f', '2009-11-13 22:50:54', NULL, '10b4b4f88549f0f60bad6c8957337cdb82e9d6d0', NULL, '4ce8bc226ba0c5ccbb18731dc8454d29077353e5', NULL, 'admin', 'admin@gmail.com', '2009-11-13 22:50:54')[0m
Redirected to http://localhost:3000/
Completed in 380ms (DB: 2) | 302 Found [http://localhost/users]


Processing DashboardController#index (for 127.0.0.1 at 2009-11-13 14:50:56) [GET]
Redirected to http://localhost:3000/session/new
Filter chain halted as [:login_required] rendered_or_redirected.
Completed in 3ms (DB: 0) | 302 Found [http://localhost/]


Processing SessionsController#new (for 127.0.0.1 at 2009-11-13 14:50:57) [GET]
Rendering sessions/new
Completed in 10ms (View: 5, DB: 0) | 200 OK [http://localhost/session/new]


Processing SessionsController#create (for 127.0.0.1 at 2009-11-13 14:51:03) [POST]
  Parameters: {"commit"=>"Log in", "authenticity_token"=>"Uy77DCT7nNQIMBOhXBxSEgJeJlIvrW0yk4DRwB3m2V4=", "login"=>"admin", "password"=>"adminadmin"}
  [4;36;1mUser Load (1.0ms)[0m   [0;1mSELECT * FROM "users" WHERE (login = 'admin' and activated_at IS NOT NULL) LIMIT 1[0m
Failed login for 'admin' from 127.0.0.1 at Fri Nov 13 22:51:03 UTC 2009
Rendering sessions/new
Completed in 36ms (View: 5, DB: 1) | 200 OK [http://localhost/session]
  [4;36;1mUser Load (0.0ms)[0m   [0;1mSELECT * FROM "users" WHERE ("users"."id" = 1) [0m
  [4;35;1mUser Update (2.0ms)[0m   [0mUPDATE "users" SET "activated_at" = '2009-11-13 22:52:40', "activation_code" = NULL, "updated_at" = '2009-11-13 22:52:41' WHERE "id" = 1[0m


Processing SessionsController#create (for 127.0.0.1 at 2009-11-13 14:52:47) [POST]
  Parameters: {"commit"=>"Log in", "authenticity_token"=>"Uy77DCT7nNQIMBOhXBxSEgJeJlIvrW0yk4DRwB3m2V4=", "login"=>"admin", "password"=>"adminadmin"}
  [4;35;1mUser Load (1.0ms)[0m   [0mSELECT * FROM "users" WHERE (login = 'admin' and activated_at IS NOT NULL) LIMIT 1[0m
Redirected to http://localhost:3000/
Completed in 36ms (DB: 1) | 302 Found [http://localhost/session]


Processing DashboardController#index (for 127.0.0.1 at 2009-11-13 14:52:48) [GET]
  [4;36;1mUser Load (0.0ms)[0m   [0;1mSELECT * FROM "users" WHERE ("users"."id" = 1) LIMIT 1[0m
Rendering dashboard/index
Completed in 186ms (View: 14, DB: 0) | 200 OK [http://localhost/]


Processing DashboardController#index (for 127.0.0.1 at 2009-11-13 14:54:48) [GET]
  [4;35;1mUser Load (1.0ms)[0m   [0mSELECT * FROM "users" WHERE ("users"."id" = 1) LIMIT 1[0m
Rendering dashboard/index

ActionView::TemplateError (undefined local variable or method `alerts_path' for #<ActionView::Base:0x849318c>) on line #2 of app/views/dashboard/index.html.erb:
1: <h1>Welcome!</h1>
2: Links: <%= link_to "Alerts", alerts_path %>

    app/views/dashboard/index.html.erb:2
    c:/ruby/lib/ruby/1.8/webrick/httpserver.rb:104:in `service'
    c:/ruby/lib/ruby/1.8/webrick/httpserver.rb:65:in `run'
    c:/ruby/lib/ruby/1.8/webrick/server.rb:173:in `start_thread'
    c:/ruby/lib/ruby/1.8/webrick/server.rb:162:in `start'
    c:/ruby/lib/ruby/1.8/webrick/server.rb:162:in `start_thread'
    c:/ruby/lib/ruby/1.8/webrick/server.rb:95:in `start'
    c:/ruby/lib/ruby/1.8/webrick/server.rb:92:in `each'
    c:/ruby/lib/ruby/1.8/webrick/server.rb:92:in `start'
    c:/ruby/lib/ruby/1.8/webrick/server.rb:23:in `start'
    c:/ruby/lib/ruby/1.8/webrick/server.rb:82:in `start'

Rendered rescues/_trace (166.0ms)
Rendered rescues/_request_and_response (3.0ms)
Rendering rescues/layout (internal_server_error)


Processing ApplicationController#index (for 127.0.0.1 at 2009-11-13 14:54:59) [GET]

ActionController::RoutingError (No route matches "/alerts" with {:method=>:get}):
  c:/ruby/lib/ruby/1.8/webrick/httpserver.rb:104:in `service'
  c:/ruby/lib/ruby/1.8/webrick/httpserver.rb:65:in `run'
  c:/ruby/lib/ruby/1.8/webrick/server.rb:173:in `start_thread'
  c:/ruby/lib/ruby/1.8/webrick/server.rb:162:in `start'
  c:/ruby/lib/ruby/1.8/webrick/server.rb:162:in `start_thread'
  c:/ruby/lib/ruby/1.8/webrick/server.rb:95:in `start'
  c:/ruby/lib/ruby/1.8/webrick/server.rb:92:in `each'
  c:/ruby/lib/ruby/1.8/webrick/server.rb:92:in `start'
  c:/ruby/lib/ruby/1.8/webrick/server.rb:23:in `start'
  c:/ruby/lib/ruby/1.8/webrick/server.rb:82:in `start'

Rendering rescues/layout (not_found)


Processing PatientAlertsController#index (for 127.0.0.1 at 2009-11-13 14:55:06) [GET]
  [4;36;1mPatientAlerts Load (1.0ms)[0m   [0;1mSELECT * FROM "patient_alerts" [0m
Rendering template within layouts/patient_alerts
Rendering patient_alerts/index

ActionView::TemplateError (undefined local variable or method `new_patient_alerts_path' for #<ActionView::Base:0x838e0d4>) on line #24 of app/views/patient_alerts/index.html.erb:
21: 
22: <br />
23: 
24: <%= link_to 'New patient_alerts', new_patient_alerts_path %>

    app/views/patient_alerts/index.html.erb:24
    app/controllers/patient_alerts_controller.rb:7:in `index'
    c:/ruby/lib/ruby/1.8/webrick/httpserver.rb:104:in `service'
    c:/ruby/lib/ruby/1.8/webrick/httpserver.rb:65:in `run'
    c:/ruby/lib/ruby/1.8/webrick/server.rb:173:in `start_thread'
    c:/ruby/lib/ruby/1.8/webrick/server.rb:162:in `start'
    c:/ruby/lib/ruby/1.8/webrick/server.rb:162:in `start_thread'
    c:/ruby/lib/ruby/1.8/webrick/server.rb:95:in `start'
    c:/ruby/lib/ruby/1.8/webrick/server.rb:92:in `each'
    c:/ruby/lib/ruby/1.8/webrick/server.rb:92:in `start'
    c:/ruby/lib/ruby/1.8/webrick/server.rb:23:in `start'
    c:/ruby/lib/ruby/1.8/webrick/server.rb:82:in `start'

Rendered rescues/_trace (78.0ms)
Rendered rescues/_request_and_response (0.0ms)
Rendering rescues/layout (internal_server_error)


Processing DashboardController#index (for 127.0.0.1 at 2009-11-13 14:55:29) [GET]
  [4;35;1mUser Load (1.0ms)[0m   [0mSELECT * FROM "users" WHERE ("users"."id" = 1) LIMIT 1[0m
Rendering dashboard/index
Completed in 45ms (View: 12, DB: 1) | 200 OK [http://localhost/]


Processing PatientAlertsController#index (for 127.0.0.1 at 2009-11-13 14:56:37) [GET]
  [4;36;1mPatientAlerts Load (2.0ms)[0m   [0;1mSELECT * FROM "patient_alerts" [0m
Rendering template within layouts/patient_alerts
Rendering patient_alerts/index

ActionView::TemplateError (undefined local variable or method `new_patient_alerts_path' for #<ActionView::Base:0x827c060>) on line #24 of app/views/patient_alerts/index.html.erb:
21: 
22: <br />
23: 
24: <%= link_to 'New patient_alerts', new_patient_alerts_path %>

    app/views/patient_alerts/index.html.erb:24
    app/controllers/patient_alerts_controller.rb:7:in `index'
    c:/ruby/lib/ruby/1.8/webrick/httpserver.rb:104:in `service'
    c:/ruby/lib/ruby/1.8/webrick/httpserver.rb:65:in `run'
    c:/ruby/lib/ruby/1.8/webrick/server.rb:173:in `start_thread'
    c:/ruby/lib/ruby/1.8/webrick/server.rb:162:in `start'
    c:/ruby/lib/ruby/1.8/webrick/server.rb:162:in `start_thread'
    c:/ruby/lib/ruby/1.8/webrick/server.rb:95:in `start'
    c:/ruby/lib/ruby/1.8/webrick/server.rb:92:in `each'
    c:/ruby/lib/ruby/1.8/webrick/server.rb:92:in `start'
    c:/ruby/lib/ruby/1.8/webrick/server.rb:23:in `start'
    c:/ruby/lib/ruby/1.8/webrick/server.rb:82:in `start'

Rendered rescues/_trace (80.0ms)
Rendered rescues/_request_and_response (0.0ms)
Rendering rescues/layout (internal_server_error)


Processing DashboardController#index (for 127.0.0.1 at 2009-11-13 14:57:14) [GET]
  [4;35;1mUser Load (1.0ms)[0m   [0mSELECT * FROM "users" WHERE ("users"."id" = 1) LIMIT 1[0m
Rendering dashboard/index
Completed in 51ms (View: 16, DB: 1) | 200 OK [http://localhost/]


Processing PatientsController#index (for 127.0.0.1 at 2009-11-13 14:57:16) [GET]
  [4;36;1mPatient Load (1.0ms)[0m   [0;1mSELECT * FROM "patients" [0m
Rendering template within layouts/patients
Rendering patients/index
Completed in 69ms (View: 49, DB: 1) | 200 OK [http://localhost/patients]


Processing PatientAlertsController#index (for 127.0.0.1 at 2009-11-13 15:00:26) [GET]
  [4;35;1mPatientAlerts Load (1.0ms)[0m   [0mSELECT * FROM "patient_alerts" [0m
Rendering template within layouts/patient_alerts
Rendering patient_alerts/index

ActionView::TemplateError (undefined local variable or method `new_patient_alerts_path' for #<ActionView::Base:0x8392260>) on line #24 of app/views/patient_alerts/index.html.erb:
21: 
22: <br />
23: 
24: <%= link_to 'New patient_alerts', new_patient_alerts_path %>

    app/views/patient_alerts/index.html.erb:24
    app/controllers/patient_alerts_controller.rb:7:in `index'
    c:/ruby/lib/ruby/1.8/webrick/httpserver.rb:104:in `service'
    c:/ruby/lib/ruby/1.8/webrick/httpserver.rb:65:in `run'
    c:/ruby/lib/ruby/1.8/webrick/server.rb:173:in `start_thread'
    c:/ruby/lib/ruby/1.8/webrick/server.rb:162:in `start'
    c:/ruby/lib/ruby/1.8/webrick/server.rb:162:in `start_thread'
    c:/ruby/lib/ruby/1.8/webrick/server.rb:95:in `start'
    c:/ruby/lib/ruby/1.8/webrick/server.rb:92:in `each'
    c:/ruby/lib/ruby/1.8/webrick/server.rb:92:in `start'
    c:/ruby/lib/ruby/1.8/webrick/server.rb:23:in `start'
    c:/ruby/lib/ruby/1.8/webrick/server.rb:82:in `start'

Rendered rescues/_trace (192.0ms)
Rendered rescues/_request_and_response (0.0ms)
Rendering rescues/layout (internal_server_error)


Processing PatientsController#index (for 127.0.0.1 at 2009-11-13 15:00:28) [GET]
  [4;36;1mPatient Load (2.0ms)[0m   [0;1mSELECT * FROM "patients" [0m
Rendering template within layouts/patients
Rendering patients/index
Completed in 16ms (View: 4, DB: 2) | 200 OK [http://localhost/patients]


Processing DashboardController#index (for 127.0.0.1 at 2009-11-13 15:00:30) [GET]
  [4;35;1mUser Load (1.0ms)[0m   [0mSELECT * FROM "users" WHERE ("users"."id" = 1) LIMIT 1[0m
Rendering dashboard/index
Completed in 46ms (View: 13, DB: 1) | 200 OK [http://localhost/]


Processing PatientsController#index (for 127.0.0.1 at 2009-11-13 15:00:31) [GET]
  [4;36;1mPatient Load (1.0ms)[0m   [0;1mSELECT * FROM "patients" [0m
Rendering template within layouts/patients
Rendering patients/index
Completed in 19ms (View: 7, DB: 1) | 200 OK [http://localhost/patients]


Processing PatientsController#new (for 127.0.0.1 at 2009-11-13 15:00:33) [GET]
Rendering template within layouts/patients
Rendering patients/new
Completed in 467ms (View: 448, DB: 0) | 200 OK [http://localhost/patients/new]


Processing PatientsController#create (for 127.0.0.1 at 2009-11-13 15:01:03) [POST]
  Parameters: {"commit"=>"Create", "authenticity_token"=>"Uy77DCT7nNQIMBOhXBxSEgJeJlIvrW0yk4DRwB3m2V4=", "patient"=>{"mother_first_name"=>"asdf", "city"=>"asdf", "arrival_date(1i)"=>"2009", "photo_file_size"=>"", "zip"=>"asdf", "arrival_date(2i)"=>"11", "emergency_contact_relation"=>"asdf", "mother_last_name"=>"asdf", "arrival_date(3i)"=>"13", "medical_record_number"=>"12345", "photo_file_url"=>"", "emergency_contact_number"=>"asdf", "dob(1i)"=>"2009", "arrival_date(4i)"=>"23", "notes"=>"", "gender"=>"bl", "dob(2i)"=>"11", "arrival_date(5i)"=>"00", "photo_content_type"=>"", "emergency_contact_name"=>"asdf", "father_last_name"=>"asdf", "dob(3i)"=>"13", "father_first_name"=>"asdf", "dob(4i)"=>"23", "telephone"=>"asdf", "dob(5i)"=>"00", "first_name"=>"blah", "address"=>"asdf", "last_name"=>"blah", "state"=>"asdf", "middle_name"=>"blah"}}
  [4;35;1mPatient Create (2.0ms)[0m   [0mINSERT INTO "patients" ("city", "mother_first_name", "dob", "zip", "photo_file_size", "updated_at", "medical_record_number", "mother_last_name", "emergency_contact_relation", "photo_file_url", "emergency_contact_number", "gender", "notes", "father_last_name", "emergency_contact_name", "photo_content_type", "father_first_name", "first_name", "telephone", "last_name", "arrival_date", "address", "middle_name", "state", "created_at") VALUES('asdf', 'asdf', '2009-11-13 23:00:00', 'asdf', NULL, '2009-11-13 23:01:03', '12345', 'asdf', 'asdf', '', 'asdf', 'bl', '', 'asdf', 'asdf', '', 'asdf', 'blah', 'asdf', 'blah', '2009-11-13 23:00:00', 'asdf', 'blah', 'asdf', '2009-11-13 23:01:03')[0m
Redirected to http://localhost:3000/patients/1
Completed in 293ms (DB: 2) | 302 Found [http://localhost/patients]


Processing PatientsController#show (for 127.0.0.1 at 2009-11-13 15:01:05) [GET]
  Parameters: {"id"=>"1"}
  [4;36;1mPatient Load (1.0ms)[0m   [0;1mSELECT * FROM "patients" WHERE ("patients"."id" = 1) [0m
Rendering template within layouts/patients
Rendering patients/show
Completed in 71ms (View: 28, DB: 1) | 200 OK [http://localhost/patients/1]


Processing PatientAlertsController#index (for 127.0.0.1 at 2009-11-13 15:02:25) [GET]
  [4;35;1mPatientAlerts Load (1.0ms)[0m   [0mSELECT * FROM "patient_alerts" [0m
Rendering template within layouts/patient_alerts
Rendering patient_alerts/index

ActionView::TemplateError (undefined local variable or method `new_patient_alerts_path' for #<ActionView::Base:0x83d45e8>) on line #24 of app/views/patient_alerts/index.html.erb:
21: 
22: <br />
23: 
24: <%= link_to 'New patient_alerts', new_patient_alerts_path %>

    app/views/patient_alerts/index.html.erb:24
    app/controllers/patient_alerts_controller.rb:7:in `index'
    c:/ruby/lib/ruby/1.8/webrick/httpserver.rb:104:in `service'
    c:/ruby/lib/ruby/1.8/webrick/httpserver.rb:65:in `run'
    c:/ruby/lib/ruby/1.8/webrick/server.rb:173:in `start_thread'
    c:/ruby/lib/ruby/1.8/webrick/server.rb:162:in `start'
    c:/ruby/lib/ruby/1.8/webrick/server.rb:162:in `start_thread'
    c:/ruby/lib/ruby/1.8/webrick/server.rb:95:in `start'
    c:/ruby/lib/ruby/1.8/webrick/server.rb:92:in `each'
    c:/ruby/lib/ruby/1.8/webrick/server.rb:92:in `start'
    c:/ruby/lib/ruby/1.8/webrick/server.rb:23:in `start'
    c:/ruby/lib/ruby/1.8/webrick/server.rb:82:in `start'

Rendered rescues/_trace (190.0ms)
Rendered rescues/_request_and_response (0.0ms)
Rendering rescues/layout (internal_server_error)


Processing PatientsController#index (for 127.0.0.1 at 2009-11-13 15:03:16) [GET]
  [4;36;1mPatient Load (2.0ms)[0m   [0;1mSELECT * FROM "patients" [0m
Rendering template within layouts/patients
Rendering patients/index
Completed in 37ms (View: 23, DB: 2) | 200 OK [http://localhost/patients]
